timestamp: 2020-05-27T19:26:14.372726
CREATE TABLE "py4web_session"(
    "id" INTEGER PRIMARY KEY AUTOINCREMENT,
    "rkey" CHAR(512),
    "rvalue" TEXT,
    "expiration" INTEGER,
    "created_on" TIMESTAMP,
    "expires_on" TIMESTAMP
);
success!
timestamp: 2020-05-27T19:26:14.387739
CREATE TABLE "auth_user"(
    "id" INTEGER PRIMARY KEY AUTOINCREMENT,
    "email" CHAR(512) UNIQUE,
    "password" CHAR(512),
    "first_name" CHAR(512),
    "last_name" CHAR(512),
    "sso_id" CHAR(512),
    "action_token" CHAR(512),
    "last_password_change" TIMESTAMP
);
success!
timestamp: 2020-05-27T19:26:14.395747
CREATE TABLE "auth_user_tag_groups"(
    "id" INTEGER PRIMARY KEY AUTOINCREMENT,
    "path" CHAR(512),
    "record_id" INTEGER REFERENCES "auth_user" ("id") ON DELETE CASCADE  
);
success!
timestamp: 2020-05-27T19:26:14.405263
CREATE TABLE "images"(
    "id" INTEGER PRIMARY KEY AUTOINCREMENT,
    "image_url" CHAR(512)
);
success!
timestamp: 2020-05-27T19:26:14.413272
CREATE TABLE "rating"(
    "id" INTEGER PRIMARY KEY AUTOINCREMENT,
    "image" INTEGER REFERENCES "images" ("id") ON DELETE CASCADE  ,
    "rating" INTEGER,
    "rater" INTEGER REFERENCES "auth_user" ("id") ON DELETE CASCADE  
);
success!
timestamp: 2020-06-01T18:47:56.719705
CREATE TABLE "notes"(
    "id" INTEGER PRIMARY KEY AUTOINCREMENT,
    "title" CHAR(512),
    "content" CHAR(512),
    "list_content" CHAR(512),
    "color" INTEGER,
    "author" INTEGER REFERENCES "auth_user" ("id") ON DELETE CASCADE  ,
    "starred" CHAR(1),
    "date_modified" DATE
);
success!
success!
success!
success!
success!
success!
success!
success!
success!
success!
success!
success!
success!
success!
success!
success!
timestamp: 2020-06-03T20:15:31.170184
ALTER TABLE "notes" ADD "post_date" TIMESTAMP;
success!
timestamp: 2020-06-03T20:15:57.774347
ALTER TABLE "notes" ADD "updated" TIMESTAMP;
success!
success!
success!
success!
success!
success!
success!
success!
success!
success!
success!
success!
success!
success!
success!
success!
success!
success!
success!
success!
success!
success!
success!
success!
success!
success!
success!
success!
success!
success!
success!
success!
success!
success!
success!
success!
success!
success!
success!
success!
